/home/ecl7037/code/p4-programs-survey/bf4/egress_spec.p4(113): [--Wwarn=unused] warning: Table l2_valid is not used; removing
    table l2_valid {
          ^^^^^^^^
/home/ecl7037/code/p4-programs-survey/bf4/egress_spec.p4(123): [--Wwarn=unused] warning: Table l3_valid is not used; removing
    table l3_valid {
          ^^^^^^^^
starting frontend
./egress_spec-integrated.p4(17): [--Wwarn=unknown] warning: Unknown annotation: readonly
extern void copyPacket(mutable_packet self, @readonly mutable_packet other);
                                             ^^^^^^^^
./egress_spec-integrated.p4(31): [--Wwarn=unknown] warning: Unknown annotation: matchKind
    @matchKind("ternary")
     ^^^^^^^^^
./egress_spec-integrated.p4(41): [--Wwarn=unknown] warning: Unknown annotation: controlled
@controlled extern flow_def_punt_0 query_punt_0(@matchKind("ternary") in bit<48> punt_0_hdr_ethernet_dstAddr, @matchKind("ternary") in bit<32> punt_0_hdr_ipv4_dstAddr);
 ^^^^^^^^^^
/usr/local/share/p4c/p4include/v1model.p4(31): [--Wwarn=unknown] warning: Unknown annotation: metadata
@metadata @name("standard_metadata")
 ^^^^^^^^
/usr/local/share/p4c/p4include/v1model.p4(59): [--Wwarn=unknown] warning: Unknown annotation: alias
    @alias("queueing_metadata.enq_timestamp")
     ^^^^^
/usr/local/share/p4c/p4include/v1model.p4(442): [--Wwarn=unknown] warning: Unknown annotation: pipeline
@pipeline
 ^^^^^^^^
/usr/local/share/p4c/p4include/v1model.p4(460): [--Wwarn=unknown] warning: Unknown annotation: deparser
@deparser
 ^^^^^^^^
./egress_spec-integrated.p4(202): [--Wwarn=unknown] warning: Unknown annotation: noreturn
@impl("parse_and_run_") @noreturn extern void parse_and_run(mutable_packet pin, inout metadata metas_, inout standard_metadata_t standard_meta);
                         ^^^^^^^^
frontend done in 1016ms
done unrolling 0 24 in 0ms
done graph buildup  1006 in 46ms, linking in 3ms
done chaotic iterations 1006, iters: 1014 in 27 ms
done constant propagation #nodes:1006 #vars:443 in 93ms
done constant propagation and simplification #nodes:1006 vs 480 #foldings:166 in:123ms
done unrolling 0 480 in 4ms
intra-basic block simplifications 28ms
done chaotic iterations 27, iters: 27 in 3 ms
dom tree simplifications for 94,374/429
dom tree simplifications for 94,0/55
dom tree simplifications for 374/27 44ms
simplified 1,380 if conditions
boundaries computed: 2 in 0ms
obtained specs: 6 in 13ms
don't care reasoning done in 0 ms
building parent decision tree 0ms
partitioning hdr_MyParser.ipv4.valid_:3 took 0ms
building parent decision tree 0ms
partitioning __track_egress_spec_MyIngress:3 took 0ms
refined decision tree __track_egress_spec_MyIngress:3 in 0ms
partitioning standard_meta_PSAImpl_ingress_start.egress_spec:3 took 0ms
refined decision tree standard_meta_PSAImpl_ingress_start.egress_spec:3 in 0ms
slicing bug 0 31/41 took 1ms
building parent decision tree 0ms
partitioning hdr_MyParser.ipv4.valid_:3 took 0ms
building parent decision tree 0ms
partitioning __track_egress_spec_MyIngress:3 took 0ms
refined decision tree __track_egress_spec_MyIngress:3 in 0ms
check result:sat #assertions:45 time:5ms
get model time:0ms
sat in 1 iters, 0ms
check result:sat #assertions:46 time:0ms
get model time:0ms
sat in 1 iters, 0ms
check result:unsat #assertions:47 time:0ms
without specs 2 bugs in 7ms
check result:sat #assertions:51 time:0ms
get model time:0ms
sat in 1 iters, 0ms
slicing bug 2 22/22 took 0ms
bug 2,missing fixes at table query_punt_0: hdr_MyParser.ipv4.valid_:3
check result:unsat #assertions:52 time:0ms
with specs 1 bugs in 1ms
