/home/ecl7037/code/p4-programs-survey/bf4/egress_spec.p4(128): [--Wwarn=unused] warning: Table punt is not used; removing
    table punt {
          ^^^^
starting frontend
./egress_spec-integrated.p4(17): [--Wwarn=unknown] warning: Unknown annotation: readonly
extern void copyPacket(mutable_packet self, @readonly mutable_packet other);
                                             ^^^^^^^^
./egress_spec-integrated.p4(31): [--Wwarn=unknown] warning: Unknown annotation: matchKind
    @matchKind("exact")
     ^^^^^^^^^
./egress_spec-integrated.p4(35): [--Wwarn=unknown] warning: Unknown annotation: controlled
@controlled extern flow_def_l2_valid_0 query_l2_valid_0(@matchKind("exact") in bit<48> l2_valid_0_hdr_ethernet_srcAddr);
 ^^^^^^^^^^
/usr/local/share/p4c/p4include/v1model.p4(31): [--Wwarn=unknown] warning: Unknown annotation: metadata
@metadata @name("standard_metadata")
 ^^^^^^^^
/usr/local/share/p4c/p4include/v1model.p4(59): [--Wwarn=unknown] warning: Unknown annotation: alias
    @alias("queueing_metadata.enq_timestamp")
     ^^^^^
/usr/local/share/p4c/p4include/v1model.p4(442): [--Wwarn=unknown] warning: Unknown annotation: pipeline
@pipeline
 ^^^^^^^^
/usr/local/share/p4c/p4include/v1model.p4(460): [--Wwarn=unknown] warning: Unknown annotation: deparser
@deparser
 ^^^^^^^^
./egress_spec-integrated.p4(232): [--Wwarn=unknown] warning: Unknown annotation: noreturn
@impl("parse_and_run_") @noreturn extern void parse_and_run(mutable_packet pin, inout metadata metas_, inout standard_metadata_t standard_meta);
                         ^^^^^^^^
frontend done in 1018ms
done unrolling 0 24 in 0ms
done graph buildup  1017 in 47ms, linking in 3ms
done chaotic iterations 1017, iters: 1025 in 31 ms
done constant propagation #nodes:1017 #vars:445 in 92ms
done constant propagation and simplification #nodes:1017 vs 491 #foldings:166 in:123ms
done unrolling 0 491 in 4ms
intra-basic block simplifications 28ms
done chaotic iterations 35, iters: 35 in 3 ms
dom tree simplifications for 102,377/449
dom tree simplifications for 102,0/72
dom tree simplifications for 377/35 43ms
simplified 1,383 if conditions
boundaries computed: 3 in 0ms
WARNING: __track_egress_spec_MyIngress:5 is not live at query_l3_valid_0
WARNING: __track_egress_spec_MyIngress:5 is not live at query_l3_valid_0
WARNING: __track_egress_spec_MyIngress:5 is not live at query_l3_valid_0
WARNING: __track_egress_spec_MyIngress:5 is not live at query_l3_valid_0
WARNING: __track_egress_spec_MyIngress:5 is not live at query_l3_valid_0
WARNING: __track_egress_spec_MyIngress:5 is not live at query_l3_valid_0
obtained specs: 0 in 9ms
don't care reasoning done in 0 ms
building parent decision tree 0ms
partitioning __track_egress_spec_MyIngress:3 took 0ms
refined decision tree __track_egress_spec_MyIngress:3 in 0ms
partitioning standard_meta_PSAImpl_ingress_start.egress_spec:3 took 0ms
refined decision tree standard_meta_PSAImpl_ingress_start.egress_spec:3 in 0ms
building parent decision tree 0ms
partitioning hdr_MyParser.ipv4.valid_:3 took 0ms
building parent decision tree 0ms
partitioning __track_egress_spec_MyIngress:5 took 0ms
refined decision tree __track_egress_spec_MyIngress:5 in 0ms
partitioning standard_meta_PSAImpl_ingress_start.egress_spec:5 took 0ms
refined decision tree standard_meta_PSAImpl_ingress_start.egress_spec:5 in 0ms
slicing bug 0 39/58 took 1ms
building parent decision tree 0ms
partitioning __track_egress_spec_MyIngress:3 took 0ms
refined decision tree __track_egress_spec_MyIngress:3 in 0ms
building parent decision tree 0ms
partitioning hdr_MyParser.ipv4.valid_:3 took 0ms
building parent decision tree 0ms
partitioning __track_egress_spec_MyIngress:5 took 0ms
refined decision tree __track_egress_spec_MyIngress:5 in 0ms
check result:sat #assertions:57 time:5ms
get model time:0ms
sat in 1 iters, 0ms
check result:sat #assertions:58 time:0ms
get model time:0ms
sat in 1 iters, 0ms
check result:unsat #assertions:59 time:0ms
without specs 2 bugs in 7ms
check result:sat #assertions:57 time:0ms
get model time:0ms
sat in 1 iters, 0ms
slicing bug 1 31/38 took 0ms
bug 1,missing fixes at table query_l3_valid_0: __track_egress_spec_MyIngress:3
check result:sat #assertions:58 time:0ms
get model time:0ms
sat in 1 iters, 0ms
slicing bug 2 22/30 took 0ms
bug 2,missing fixes at table query_l3_valid_0: hdr_MyParser.ipv4.valid_:3
check result:unsat #assertions:59 time:0ms
with specs 2 bugs in 3ms
