/home/ecl7037/code/p4-programs-survey/bf4/allocate.p4(97): [--Wwarn=parser-transition] warning: .start: implicit transition to `reject'
    @name(".start") state start {
                          ^^^^^
/home/ecl7037/code/p4-programs-survey/bf4/allocate.p4(96): [--Wwarn=parser-transition] warning: accept state in parser ParserImpl is unreachable
parser ParserImpl(packet_in packet, out headers hdr, inout metadata meta, inout standard_metadata_t standard_metadata) {
       ^^^^^^^^^^
/home/ecl7037/code/p4-programs-survey/bf4/allocate.p4(96): [--Wwarn=parser-transition] warning: accept state in parser ParserImpl is unreachable
parser ParserImpl(packet_in packet, out headers hdr, inout metadata meta, inout standard_metadata_t standard_metadata) {
       ^^^^^^^^^^
starting frontend
./allocate-integrated.p4(17): [--Wwarn=unknown] warning: Unknown annotation: readonly
extern void copyPacket(mutable_packet self, @readonly mutable_packet other);
                                             ^^^^^^^^
./allocate-integrated.p4(33): [--Wwarn=unknown] warning: Unknown annotation: matchKind
    @matchKind("exact")
     ^^^^^^^^^
./allocate-integrated.p4(37): [--Wwarn=unknown] warning: Unknown annotation: controlled
@controlled extern flow_def_setter_0 query_setter_0(@matchKind("exact") in bit<48> setter_0_hdr_ethernet_dstAddr);
 ^^^^^^^^^^
/usr/local/share/p4c/p4include/v1model.p4(31): [--Wwarn=unknown] warning: Unknown annotation: metadata
@metadata @name("standard_metadata")
 ^^^^^^^^
/usr/local/share/p4c/p4include/v1model.p4(59): [--Wwarn=unknown] warning: Unknown annotation: alias
    @alias("queueing_metadata.enq_timestamp")
     ^^^^^
/usr/local/share/p4c/p4include/v1model.p4(442): [--Wwarn=unknown] warning: Unknown annotation: pipeline
@pipeline
 ^^^^^^^^
/usr/local/share/p4c/p4include/v1model.p4(460): [--Wwarn=unknown] warning: Unknown annotation: deparser
@deparser
 ^^^^^^^^
./allocate-integrated.p4(308): [--Wwarn=unknown] warning: Unknown annotation: noreturn
@impl("parse_and_run_") @noreturn extern void parse_and_run(mutable_packet pin, inout metadata metas_, inout standard_metadata_t standard_meta);
                         ^^^^^^^^
frontend done in 1136ms
done unrolling 0 13 in 0ms
done graph buildup  1322 in 42ms, linking in 4ms
done chaotic iterations 1322, iters: 1331 in 29 ms
done constant propagation #nodes:1322 #vars:646 in 106ms
done constant propagation and simplification #nodes:1322 vs 414 #foldings:127 in:129ms
done unrolling 0 414 in 4ms
intra-basic block simplifications 37ms
done chaotic iterations 38, iters: 38 in 3 ms
dom tree simplifications for 35,333/408
dom tree simplifications for 35,0/75
dom tree simplifications for 333/38 38ms
simplified 0,339 if conditions
boundaries computed: 4 in 0ms
obtained specs: 0 in 10ms
don't care reasoning done in 0 ms
building parent decision tree 0ms
partitioning metas__PSAImpl_ingress_start._ghost_iface_set1:4 took 0ms
refined decision tree metas__PSAImpl_ingress_start._ghost_iface_set1:4 in 0ms
partitioning metas__PSAImpl_ingress_start._meta_router_interface_value0:3 took 0ms
refined decision tree metas__PSAImpl_ingress_start._meta_router_interface_value0:3 in 0ms
building parent decision tree 0ms
partitioning metas__PSAImpl_ingress_start._ghost_allocated2:4 took 0ms
refined decision tree metas__PSAImpl_ingress_start._ghost_allocated2:4 in 0ms
building parent decision tree 0ms
partitioning metas__PSAImpl_ingress_start._ghost_forwarded3:4 took 0ms
refined decision tree metas__PSAImpl_ingress_start._ghost_forwarded3:4 in 0ms
slicing bug 0 45/68 took 1ms
building parent decision tree 0ms
partitioning metas__PSAImpl_ingress_start._ghost_iface_set1:4 took 0ms
refined decision tree metas__PSAImpl_ingress_start._ghost_iface_set1:4 in 0ms
building parent decision tree 0ms
partitioning metas__PSAImpl_ingress_start._ghost_allocated2:4 took 0ms
refined decision tree metas__PSAImpl_ingress_start._ghost_allocated2:4 in 0ms
building parent decision tree 0ms
partitioning metas__PSAImpl_ingress_start._ghost_forwarded3:4 took 0ms
refined decision tree metas__PSAImpl_ingress_start._ghost_forwarded3:4 in 0ms
check result:sat #assertions:63 time:6ms
get model time:0ms
sat in 1 iters, 0ms
check result:sat #assertions:64 time:0ms
get model time:0ms
sat in 1 iters, 0ms
check result:unsat #assertions:65 time:0ms
without specs 2 bugs in 8ms
check result:sat #assertions:63 time:0ms
get model time:0ms
sat in 1 iters, 0ms
slicing bug 1 32/44 took 0ms
bug 1,missing fixes at table query_getter_0: metas__PSAImpl_ingress_start._ghost_allocated2:4
check result:sat #assertions:64 time:0ms
get model time:0ms
sat in 1 iters, 0ms
slicing bug 2 34/42 took 0ms
bug 2,missing fixes at table query_allocator_0: metas__PSAImpl_ingress_start._ghost_iface_set1:4
check result:unsat #assertions:65 time:0ms
with specs 2 bugs in 4ms
