/home/ecl7037/code/p4-programs-survey/bf4/example4b2.p4(133): [--Wwarn=unused] warning: Table t1 is not used; removing
    table t1 {
          ^^
starting frontend
./example4b2-integrated.p4(17): [--Wwarn=unknown] warning: Unknown annotation: readonly
extern void copyPacket(mutable_packet self, @readonly mutable_packet other);
                                             ^^^^^^^^
./example4b2-integrated.p4(32): [--Wwarn=unknown] warning: Unknown annotation: matchKind
    @matchKind("exact")
     ^^^^^^^^^
./example4b2-integrated.p4(36): [--Wwarn=unknown] warning: Unknown annotation: controlled
@controlled extern flow_def_t3_0 query_t3_0(@matchKind("exact") in bit<16> t3_0_hdr_ethernet_etherType);
 ^^^^^^^^^^
/usr/local/share/p4c/p4include/v1model.p4(31): [--Wwarn=unknown] warning: Unknown annotation: metadata
@metadata @name("standard_metadata")
 ^^^^^^^^
/usr/local/share/p4c/p4include/v1model.p4(59): [--Wwarn=unknown] warning: Unknown annotation: alias
    @alias("queueing_metadata.enq_timestamp")
     ^^^^^
/usr/local/share/p4c/p4include/v1model.p4(442): [--Wwarn=unknown] warning: Unknown annotation: pipeline
@pipeline
 ^^^^^^^^
/usr/local/share/p4c/p4include/v1model.p4(460): [--Wwarn=unknown] warning: Unknown annotation: deparser
@deparser
 ^^^^^^^^
./example4b2-integrated.p4(265): [--Wwarn=unknown] warning: Unknown annotation: noreturn
@impl("parse_and_run_") @noreturn extern void parse_and_run(mutable_packet pin, inout metadata metas_, inout standard_metadata_t standard_meta);
                         ^^^^^^^^
frontend done in 1196ms
done unrolling 0 38 in 0ms
done graph buildup  1353 in 69ms, linking in 5ms
done chaotic iterations 1353, iters: 1362 in 50 ms
done constant propagation #nodes:1353 #vars:648 in 146ms
done constant propagation and simplification #nodes:1353 vs 711 #foldings:179 in:189ms
done unrolling 0 711 in 6ms
intra-basic block simplifications 53ms
done chaotic iterations 44, iters: 44 in 5 ms
dom tree simplifications for 195,559/634
dom tree simplifications for 195,0/75
dom tree simplifications for 559/44 69ms
simplified 3,570 if conditions
boundaries computed: 3 in 0ms
obtained specs: 4 in 12ms
don't care reasoning done in 0 ms
building parent decision tree 0ms
partitioning hdr_ParserImpl.ipv4.valid_:3 took 0ms
refined decision tree hdr_ParserImpl.ipv4.valid_:3 in 0ms
partitioning hdr_ParserImpl.tcp.valid_:3 took 0ms
refined decision tree hdr_ParserImpl.tcp.valid_:3 in 0ms
building parent decision tree 0ms
partitioning hdrs__PSAImpl_ingress_start.ipv4_3.valid_:3 took 0ms
refined decision tree hdrs__PSAImpl_ingress_start.ipv4_3.valid_:3 in 0ms
slicing bug 0 33/56 took 1ms
building parent decision tree 0ms
partitioning hdrs__PSAImpl_ingress_start.ipv4_3.valid_:3 took 0ms
refined decision tree hdrs__PSAImpl_ingress_start.ipv4_3.valid_:3 in 0ms
check result:sat #assertions:50 time:5ms
get model time:0ms
sat in 1 iters, 0ms
check result:unsat #assertions:51 time:0ms
without specs 1 bugs in 6ms
check result:unsat #assertions:54 time:0ms
with specs 0 bugs in 0ms
