starting frontend
./example3-integrated.p4(17): [--Wwarn=unknown] warning: Unknown annotation: readonly
extern void copyPacket(mutable_packet self, @readonly mutable_packet other);
                                             ^^^^^^^^
./example3-integrated.p4(32): [--Wwarn=unknown] warning: Unknown annotation: matchKind
    @matchKind("exact")
     ^^^^^^^^^
./example3-integrated.p4(36): [--Wwarn=unknown] warning: Unknown annotation: controlled
@controlled extern flow_def_t1_0 query_t1_0(@matchKind("exact") in bit<32> t1_0_hdr_ipv4_srcAddr);
 ^^^^^^^^^^
/usr/local/share/p4c/p4include/v1model.p4(31): [--Wwarn=unknown] warning: Unknown annotation: metadata
@metadata @name("standard_metadata")
 ^^^^^^^^
/usr/local/share/p4c/p4include/v1model.p4(59): [--Wwarn=unknown] warning: Unknown annotation: alias
    @alias("queueing_metadata.enq_timestamp")
     ^^^^^
/usr/local/share/p4c/p4include/v1model.p4(442): [--Wwarn=unknown] warning: Unknown annotation: pipeline
@pipeline
 ^^^^^^^^
/usr/local/share/p4c/p4include/v1model.p4(460): [--Wwarn=unknown] warning: Unknown annotation: deparser
@deparser
 ^^^^^^^^
./example3-integrated.p4(427): [--Wwarn=unknown] warning: Unknown annotation: noreturn
@impl("parse_and_run_") @noreturn extern void parse_and_run(mutable_packet pin, inout metadata metas_, inout standard_metadata_t standard_meta);
                         ^^^^^^^^
frontend done in 1317ms
done unrolling 0 36 in 0ms
done graph buildup  1152 in 77ms, linking in 4ms
done chaotic iterations 1152, iters: 1166 in 36 ms
done constant propagation #nodes:1152 #vars:501 in 119ms
done constant propagation and simplification #nodes:1152 vs 611 #foldings:164 in:158ms
done unrolling 0 611 in 5ms
intra-basic block simplifications 34ms
done chaotic iterations 85, iters: 85 in 4 ms
dom tree simplifications for 177,435/607
dom tree simplifications for 177,0/172
dom tree simplifications for 435/85 73ms
simplified 5,446 if conditions
boundaries computed: 6 in 1ms
WARNING: __track_egress_spec_ingress:6 is not live at query_forward_0
WARNING: __track_egress_spec_ingress:6 is not live at query_forward_0
WARNING: __track_egress_spec_ingress:6 is not live at query_forward_0
WARNING: __track_egress_spec_ingress:6 is not live at query_forward_0
WARNING: __track_egress_spec_ingress:6 is not live at query_forward_0
WARNING: __track_egress_spec_ingress:6 is not live at query_forward_0
WARNING: __track_egress_spec_ingress:6 is not live at query_forward_0
WARNING: __track_egress_spec_ingress:6 is not live at query_forward_0
WARNING: hdrs__PSAImpl_egress_start.ipv4.valid_:6 is not live at query_t2_0
WARNING: hdrs__PSAImpl_egress_start.ipv4.valid_:6 is not live at query_t2_0
WARNING: hdrs__PSAImpl_egress_start.ipv4.valid_:6 is not live at query_t2_0
WARNING: hdrs__PSAImpl_egress_start.ipv4.valid_:6 is not live at query_t2_0
WARNING: hdrs__PSAImpl_egress_start.ipv4.valid_:6 is not live at query_t2_0
WARNING: hdrs__PSAImpl_egress_start.ipv4.valid_:6 is not live at query_t2_0
WARNING: hdrs__PSAImpl_egress_start.ipv4.valid_:6 is not live at query_t2_0
WARNING: hdrs__PSAImpl_egress_start.ipv4.valid_:6 is not live at query_t2_0
WARNING: hdrs__PSAImpl_egress_start.ipv4.valid_:6 is not live at query_t2_0
WARNING: hdrs__PSAImpl_egress_start.ipv4.valid_:6 is not live at query_t2_0
WARNING: hdrs__PSAImpl_egress_start.ipv4.valid_:6 is not live at query_t2_0
WARNING: hdrs__PSAImpl_egress_start.ipv4.valid_:6 is not live at query_t2_0
WARNING: hdrs__PSAImpl_egress_start.ipv4.valid_:6 is not live at query_t2_0
WARNING: hdrs__PSAImpl_egress_start.ipv4.valid_:6 is not live at query_t2_0
WARNING: hdrs__PSAImpl_egress_start.ipv4.valid_:6 is not live at query_t2_0
WARNING: hdrs__PSAImpl_egress_start.ipv4.valid_:6 is not live at query_t2_0
obtained specs: 1 in 24ms
don't care reasoning done in 0 ms
building parent decision tree 0ms
partitioning __track_egress_spec_ingress:6 took 0ms
refined decision tree __track_egress_spec_ingress:6 in 0ms
partitioning standard_meta_PSAImpl_ingress_start.egress_spec:6 took 0ms
refined decision tree standard_meta_PSAImpl_ingress_start.egress_spec:6 in 0ms
building parent decision tree 0ms
partitioning hdr_ParserImpl.ipv4.valid_:3 took 0ms
refined decision tree hdr_ParserImpl.ipv4.valid_:3 in 0ms
partitioning hdr_ParserImpl.tcp.valid_:3 took 0ms
refined decision tree hdr_ParserImpl.tcp.valid_:3 in 0ms
building parent decision tree 0ms
partitioning __track_egress_spec_ingress:4 took 0ms
refined decision tree __track_egress_spec_ingress:4 in 0ms
partitioning hdrs__PSAImpl_ingress_start.ipv4.ttl:3 took 0ms
refined decision tree hdrs__PSAImpl_ingress_start.ipv4.ttl:3 in 0ms
partitioning metas__PSAImpl_ingress_start._custom_metadata_nhop_ipv40:3 took 0ms
refined decision tree metas__PSAImpl_ingress_start._custom_metadata_nhop_ipv40:3 in 0ms
partitioning standard_meta_PSAImpl_ingress_start.egress_spec:4 took 0ms
refined decision tree standard_meta_PSAImpl_ingress_start.egress_spec:4 in 0ms
building parent decision tree 0ms
partitioning hdrs__PSAImpl_egress_start.ipv4.valid_:6 took 0ms
refined decision tree hdrs__PSAImpl_egress_start.ipv4.valid_:6 in 0ms
partitioning standard_meta_PSAImpl_egress_start.egress_spec:5 took 0ms
refined decision tree standard_meta_PSAImpl_egress_start.egress_spec:5 in 0ms
building parent decision tree 0ms
partitioning hdrs__PSAImpl_egress_start.ipv4.valid_:4 took 0ms
refined decision tree hdrs__PSAImpl_egress_start.ipv4.valid_:4 in 0ms
partitioning standard_meta_PSAImpl_egress_start.egress_spec:3 took 0ms
refined decision tree standard_meta_PSAImpl_egress_start.egress_spec:3 in 0ms
building parent decision tree 0ms
partitioning standard_meta_PSAImpl_egress_start.egress_spec:7 took 0ms
refined decision tree standard_meta_PSAImpl_egress_start.egress_spec:7 in 0ms
slicing bug 0 84/131 took 3ms
building parent decision tree 0ms
partitioning hdrs__PSAImpl_egress_start.ipv4.valid_:4 took 0ms
refined decision tree hdrs__PSAImpl_egress_start.ipv4.valid_:4 in 0ms
building parent decision tree 0ms
partitioning __track_egress_spec_ingress:6 took 0ms
refined decision tree __track_egress_spec_ingress:6 in 0ms
partitioning standard_meta_PSAImpl_ingress_start.egress_spec:6 took 0ms
refined decision tree standard_meta_PSAImpl_ingress_start.egress_spec:6 in 0ms
building parent decision tree 0ms
partitioning hdrs__PSAImpl_egress_start.ipv4.valid_:6 took 0ms
refined decision tree hdrs__PSAImpl_egress_start.ipv4.valid_:6 in 0ms
building parent decision tree 0ms
partitioning hdr_ParserImpl.ipv4.valid_:3 took 0ms
building parent decision tree 0ms
partitioning __track_egress_spec_ingress:4 took 0ms
refined decision tree __track_egress_spec_ingress:4 in 0ms
partitioning standard_meta_PSAImpl_ingress_start.egress_spec:4 took 0ms
refined decision tree standard_meta_PSAImpl_ingress_start.egress_spec:4 in 0ms
check result:sat #assertions:113 time:7ms
get model time:0ms
sat in 1 iters, 0ms
check result:sat #assertions:114 time:0ms
get model time:0ms
sat in 1 iters, 0ms
check result:sat #assertions:115 time:0ms
get model time:0ms
sat in 1 iters, 0ms
check result:sat #assertions:116 time:0ms
get model time:0ms
sat in 1 iters, 0ms
check result:sat #assertions:117 time:0ms
get model time:0ms
sat in 1 iters, 0ms
check result:sat #assertions:118 time:0ms
get model time:0ms
sat in 1 iters, 0ms
check result:unsat #assertions:119 time:0ms
without specs 6 bugs in 12ms
check result:sat #assertions:114 time:0ms
get model time:0ms
sat in 1 iters, 0ms
slicing bug 6 22/22 took 0ms
bug 6,missing fixes at table query_ipv4_lpm_0: hdr_ParserImpl.ipv4.valid_:3
check result:sat #assertions:115 time:0ms
get model time:0ms
sat in 1 iters, 0ms
slicing bug 1 26/29 took 5ms
bug 1,missing fixes at table query_ipv4_lpm_0: hdr_ParserImpl.ipv4.valid_:3
check result:sat #assertions:116 time:0ms
get model time:0ms
sat in 1 iters, 0ms
slicing bug 5 34/49 took 1ms
check result:sat #assertions:117 time:0ms
get model time:0ms
sat in 1 iters, 0ms
slicing bug 3 51/68 took 1ms
bug 3,missing fixes at table query_t2_0: hdrs__PSAImpl_egress_start.ipv4.valid_:4
check result:sat #assertions:118 time:0ms
get model time:0ms
sat in 1 iters, 0ms
slicing bug 2 59/79 took 1ms
bug 2,missing fixes at table query_t2_0: hdrs__PSAImpl_egress_start.ipv4.valid_:4
check result:unsat #assertions:119 time:0ms
with specs 5 bugs in 16ms
