starting frontend
./example4d-integrated.p4(17): [--Wwarn=unknown] warning: Unknown annotation: readonly
extern void copyPacket(mutable_packet self, @readonly mutable_packet other);
                                             ^^^^^^^^
./example4d-integrated.p4(33): [--Wwarn=unknown] warning: Unknown annotation: matchKind
    @matchKind("exact")
     ^^^^^^^^^
./example4d-integrated.p4(37): [--Wwarn=unknown] warning: Unknown annotation: controlled
@controlled extern flow_def_t1_0 query_t1_0(@matchKind("exact") in bit<16> t1_0_hdr_ethernet_etherType);
 ^^^^^^^^^^
/usr/local/share/p4c/p4include/v1model.p4(31): [--Wwarn=unknown] warning: Unknown annotation: metadata
@metadata @name("standard_metadata")
 ^^^^^^^^
/usr/local/share/p4c/p4include/v1model.p4(59): [--Wwarn=unknown] warning: Unknown annotation: alias
    @alias("queueing_metadata.enq_timestamp")
     ^^^^^
/usr/local/share/p4c/p4include/v1model.p4(442): [--Wwarn=unknown] warning: Unknown annotation: pipeline
@pipeline
 ^^^^^^^^
/usr/local/share/p4c/p4include/v1model.p4(460): [--Wwarn=unknown] warning: Unknown annotation: deparser
@deparser
 ^^^^^^^^
./example4d-integrated.p4(340): [--Wwarn=unknown] warning: Unknown annotation: noreturn
@impl("parse_and_run_") @noreturn extern void parse_and_run(mutable_packet pin, inout metadata metas_, inout standard_metadata_t standard_meta);
                         ^^^^^^^^
frontend done in 1250ms
done unrolling 0 38 in 0ms
done graph buildup  1379 in 75ms, linking in 4ms
done chaotic iterations 1379, iters: 1391 in 53 ms
done constant propagation #nodes:1379 #vars:656 in 149ms
done constant propagation and simplification #nodes:1379 vs 734 #foldings:180 in:193ms
done unrolling 0 734 in 7ms
intra-basic block simplifications 53ms
done chaotic iterations 58, iters: 58 in 5 ms
dom tree simplifications for 212,568/669
dom tree simplifications for 212,0/101
dom tree simplifications for 568/58 77ms
simplified 3,583 if conditions
boundaries computed: 4 in 0ms
obtained specs: 6 in 13ms
don't care reasoning done in 0 ms
building parent decision tree 0ms
partitioning hdrs__PSAImpl_ingress_start.ipv4.valid_:3 took 0ms
refined decision tree hdrs__PSAImpl_ingress_start.ipv4.valid_:3 in 0ms
building parent decision tree 0ms
partitioning hdr_ParserImpl.ipv4.valid_:3 took 0ms
refined decision tree hdr_ParserImpl.ipv4.valid_:3 in 0ms
partitioning hdr_ParserImpl.tcp.valid_:3 took 0ms
refined decision tree hdr_ParserImpl.tcp.valid_:3 in 0ms
slicing bug 0 34/73 took 2ms
check result:sat #assertions:60 time:5ms
get model time:0ms
sat in 1 iters, 0ms
check result:sat #assertions:61 time:0ms
get model time:0ms
sat in 1 iters, 0ms
check result:sat #assertions:62 time:0ms
get model time:0ms
sat in 1 iters, 0ms
check result:unsat #assertions:63 time:0ms
without specs 3 bugs in 7ms
check result:unsat #assertions:66 time:0ms
with specs 0 bugs in 0ms
