starting frontend
./ipv4_chain-integrated.p4(17): [--Wwarn=unknown] warning: Unknown annotation: readonly
extern void copyPacket(mutable_packet self, @readonly mutable_packet other);
                                             ^^^^^^^^
./ipv4_chain-integrated.p4(32): [--Wwarn=unknown] warning: Unknown annotation: matchKind
    @matchKind("exact")
     ^^^^^^^^^
./ipv4_chain-integrated.p4(36): [--Wwarn=unknown] warning: Unknown annotation: controlled
@controlled extern flow_def_get_type_0 query_get_type_0(@matchKind("exact") in bit<16> get_type_0_hdr_ethernet_etherType);
 ^^^^^^^^^^
/usr/local/share/p4c/p4include/v1model.p4(31): [--Wwarn=unknown] warning: Unknown annotation: metadata
@metadata @name("standard_metadata")
 ^^^^^^^^
/usr/local/share/p4c/p4include/v1model.p4(59): [--Wwarn=unknown] warning: Unknown annotation: alias
    @alias("queueing_metadata.enq_timestamp")
     ^^^^^
/usr/local/share/p4c/p4include/v1model.p4(442): [--Wwarn=unknown] warning: Unknown annotation: pipeline
@pipeline
 ^^^^^^^^
/usr/local/share/p4c/p4include/v1model.p4(460): [--Wwarn=unknown] warning: Unknown annotation: deparser
@deparser
 ^^^^^^^^
./ipv4_chain-integrated.p4(234): [--Wwarn=unknown] warning: Unknown annotation: noreturn
@impl("parse_and_run_") @noreturn extern void parse_and_run(mutable_packet pin, inout metadata metas_, inout standard_metadata_t standard_meta);
                         ^^^^^^^^
frontend done in 1055ms
done unrolling 0 23 in 0ms
done graph buildup  1015 in 45ms, linking in 3ms
done chaotic iterations 1015, iters: 1023 in 19 ms
done constant propagation #nodes:1015 #vars:451 in 89ms
done constant propagation and simplification #nodes:1015 vs 317 #foldings:103 in:112ms
done unrolling 0 317 in 2ms
intra-basic block simplifications 17ms
done chaotic iterations 29, iters: 29 in 2 ms
dom tree simplifications for 24,233/285
dom tree simplifications for 24,0/52
dom tree simplifications for 233/29 31ms
simplified 1,239 if conditions
boundaries computed: 3 in 0ms
obtained specs: 0 in 5ms
don't care reasoning done in 0 ms
building parent decision tree 0ms
partitioning metas__PSAImpl_ingress_start.l3_admit:3 took 0ms
refined decision tree metas__PSAImpl_ingress_start.l3_admit:3 in 0ms
building parent decision tree 0ms
partitioning hdr_MyParser.ipv4.valid_:3 took 0ms
slicing bug 0 22/39 took 1ms
building parent decision tree 0ms
partitioning hdr_MyParser.ipv4.valid_:3 took 0ms
check result:sat #assertions:32 time:5ms
get model time:0ms
sat in 1 iters, 0ms
check result:unsat #assertions:33 time:0ms
without specs 1 bugs in 6ms
check result:sat #assertions:32 time:0ms
get model time:0ms
sat in 1 iters, 0ms
slicing bug 1 22/22 took 0ms
bug 1,missing fixes at table query_fwd_1: hdr_MyParser.ipv4.valid_:3
check result:unsat #assertions:33 time:0ms
with specs 1 bugs in 1ms
